<?xml version="1.0" encoding="UTF-8"?>
<testng-results ignored="0" total="1" passed="1" failed="0" skipped="0">
  <reporter-output>
  </reporter-output>
  <suite started-at="2024-05-21T08:58:02 PDT" name="Default suite" finished-at="2024-05-21T08:58:07 PDT" duration-ms="4829">
    <groups>
    </groups>
    <test started-at="2024-05-21T08:58:02 PDT" name="Default test" finished-at="2024-05-21T08:58:07 PDT" duration-ms="4829">
      <class name="Script.FirstScript">
        <test-method signature="test01()[pri:0, instance:Script.FirstScript@13fd2ccd]" started-at="2024-05-21T08:58:02 PDT" name="test01" finished-at="2024-05-21T08:58:07 PDT" duration-ms="4765" status="PASS">
          <reporter-output>
          </reporter-output>
        </test-method> <!-- test01 -->
      </class> <!-- Script.FirstScript -->
    </test> <!-- Default test -->
  </suite> <!-- Default suite -->
</testng-results>
